22-09-20 13:15:53 80129      DEBUG                          No trans-unit element with the id "forms.sections.connectionSection.label" was found in Neos.Form:Main. Either this translation has been removed or the id in the code or template referring to the translation is wrong.
22-09-20 13:15:53 80129      DEBUG                          No trans-unit element with the id "forms.elements.imageLibrariesInfo.text" was found in Neos.Form:Main. Either this translation has been removed or the id in the code or template referring to the translation is wrong.
22-09-20 13:15:53 80129      DEBUG                          No trans-unit element with the id "forms.elements.gd.text" was found in Neos.Form:Main. Either this translation has been removed or the id in the code or template referring to the translation is wrong.
22-09-20 13:15:53 80129      DEBUG                          No trans-unit element with the id "forms.elements.gmagick.text" was found in Neos.Form:Main. Either this translation has been removed or the id in the code or template referring to the translation is wrong.
22-09-20 13:15:53 80129      DEBUG                          No trans-unit element with the id "forms.elements.imagick.text" was found in Neos.Form:Main. Either this translation has been removed or the id in the code or template referring to the translation is wrong.
22-09-20 13:15:53 80129      DEBUG                          No trans-unit element with the id "forms.elements.configuredImageLibrary.text" was found in Neos.Form:Main. Either this translation has been removed or the id in the code or template referring to the translation is wrong.
22-09-20 13:16:29 80121      DEBUG                          No trans-unit element with the id "forms.elements.introduction.text" was found in Neos.Form:Main. Either this translation has been removed or the id in the code or template referring to the translation is wrong.
22-09-20 13:16:29 80121      DEBUG                          No trans-unit element with the id "forms.sections.connectionSection.label" was found in Neos.Form:Main. Either this translation has been removed or the id in the code or template referring to the translation is wrong.
22-09-20 13:16:29 80121      DEBUG                          No trans-unit element with the id "forms.elements.user.placeholder" was found in Neos.Form:Main. Either this translation has been removed or the id in the code or template referring to the translation is wrong.
22-09-20 13:16:29 80121      DEBUG                          No trans-unit element with the id "forms.elements.host.placeholder" was found in Neos.Form:Main. Either this translation has been removed or the id in the code or template referring to the translation is wrong.
22-09-20 13:16:29 80121      DEBUG                          No trans-unit element with the id "forms.sections.databaseSection.label" was found in Neos.Form:Main. Either this translation has been removed or the id in the code or template referring to the translation is wrong.
22-09-20 13:16:55 80847      DEBUG                          No trans-unit element with the id "forms.elements.introduction.text" was found in Neos.Form:Main. Either this translation has been removed or the id in the code or template referring to the translation is wrong.
22-09-20 13:16:55 80847      DEBUG                          No trans-unit element with the id "forms.sections.connectionSection.label" was found in Neos.Form:Main. Either this translation has been removed or the id in the code or template referring to the translation is wrong.
22-09-20 13:16:55 80847      DEBUG                          No trans-unit element with the id "forms.elements.user.placeholder" was found in Neos.Form:Main. Either this translation has been removed or the id in the code or template referring to the translation is wrong.
22-09-20 13:16:55 80847      DEBUG                          No trans-unit element with the id "forms.elements.host.placeholder" was found in Neos.Form:Main. Either this translation has been removed or the id in the code or template referring to the translation is wrong.
22-09-20 13:16:55 80847      DEBUG                          No trans-unit element with the id "forms.sections.databaseSection.label" was found in Neos.Form:Main. Either this translation has been removed or the id in the code or template referring to the translation is wrong.
22-09-20 13:17:41 85174      DEBUG                          No trans-unit element with the id "forms.elements.introduction.text" was found in Neos.Form:Main. Either this translation has been removed or the id in the code or template referring to the translation is wrong.
22-09-20 13:17:41 85174      DEBUG                          No trans-unit element with the id "forms.sections.connectionSection.label" was found in Neos.Form:Main. Either this translation has been removed or the id in the code or template referring to the translation is wrong.
22-09-20 13:17:41 85174      DEBUG                          No trans-unit element with the id "forms.elements.user.placeholder" was found in Neos.Form:Main. Either this translation has been removed or the id in the code or template referring to the translation is wrong.
22-09-20 13:17:41 85174      DEBUG                          No trans-unit element with the id "forms.elements.host.placeholder" was found in Neos.Form:Main. Either this translation has been removed or the id in the code or template referring to the translation is wrong.
22-09-20 13:17:41 85174      DEBUG                          No trans-unit element with the id "forms.sections.databaseSection.label" was found in Neos.Form:Main. Either this translation has been removed or the id in the code or template referring to the translation is wrong.
22-09-20 13:23:17 84419      DEBUG                          No trans-unit element with the id "forms.elements.introduction.text" was found in Neos.Form:Main. Either this translation has been removed or the id in the code or template referring to the translation is wrong.
22-09-20 13:23:17 84419      DEBUG                          No trans-unit element with the id "forms.sections.connectionSection.label" was found in Neos.Form:Main. Either this translation has been removed or the id in the code or template referring to the translation is wrong.
22-09-20 13:23:17 84419      DEBUG                          No trans-unit element with the id "forms.elements.user.placeholder" was found in Neos.Form:Main. Either this translation has been removed or the id in the code or template referring to the translation is wrong.
22-09-20 13:23:17 84419      DEBUG                          No trans-unit element with the id "forms.elements.host.placeholder" was found in Neos.Form:Main. Either this translation has been removed or the id in the code or template referring to the translation is wrong.
22-09-20 13:23:17 84419      DEBUG                          No trans-unit element with the id "forms.sections.databaseSection.label" was found in Neos.Form:Main. Either this translation has been removed or the id in the code or template referring to the translation is wrong.
22-09-20 13:23:25 84419      DEBUG                          No trans-unit element with the id "forms.sections.connectionSection.label" was found in Neos.Form:Main. Either this translation has been removed or the id in the code or template referring to the translation is wrong.
22-09-20 13:23:25 84419      DEBUG                          No trans-unit element with the id "forms.elements.imageLibrariesInfo.text" was found in Neos.Form:Main. Either this translation has been removed or the id in the code or template referring to the translation is wrong.
22-09-20 13:23:25 84419      DEBUG                          No trans-unit element with the id "forms.elements.gd.text" was found in Neos.Form:Main. Either this translation has been removed or the id in the code or template referring to the translation is wrong.
22-09-20 13:23:25 84419      DEBUG                          No trans-unit element with the id "forms.elements.gmagick.text" was found in Neos.Form:Main. Either this translation has been removed or the id in the code or template referring to the translation is wrong.
22-09-20 13:23:25 84419      DEBUG                          No trans-unit element with the id "forms.elements.imagick.text" was found in Neos.Form:Main. Either this translation has been removed or the id in the code or template referring to the translation is wrong.
22-09-20 13:23:25 84419      DEBUG                          No trans-unit element with the id "forms.elements.configuredImageLibrary.text" was found in Neos.Form:Main. Either this translation has been removed or the id in the code or template referring to the translation is wrong.
22-09-20 13:23:50 84419      DEBUG                          No trans-unit element with the id "forms.elements.introduction.text" was found in Neos.Form:Main. Either this translation has been removed or the id in the code or template referring to the translation is wrong.
22-09-20 13:23:50 84419      DEBUG                          No trans-unit element with the id "forms.sections.connectionSection.label" was found in Neos.Form:Main. Either this translation has been removed or the id in the code or template referring to the translation is wrong.
22-09-20 13:23:50 84419      DEBUG                          No trans-unit element with the id "forms.elements.user.placeholder" was found in Neos.Form:Main. Either this translation has been removed or the id in the code or template referring to the translation is wrong.
22-09-20 13:23:50 84419      DEBUG                          No trans-unit element with the id "forms.elements.host.placeholder" was found in Neos.Form:Main. Either this translation has been removed or the id in the code or template referring to the translation is wrong.
22-09-20 13:23:50 84419      DEBUG                          No trans-unit element with the id "forms.sections.databaseSection.label" was found in Neos.Form:Main. Either this translation has been removed or the id in the code or template referring to the translation is wrong.
22-09-20 13:44:44 74616      DEBUG                          No trans-unit element with the id "forms.sections.connectionSection.label" was found in Neos.Form:Main. Either this translation has been removed or the id in the code or template referring to the translation is wrong.
22-09-20 13:44:44 74616      DEBUG                          No trans-unit element with the id "forms.elements.imageLibrariesInfo.text" was found in Neos.Form:Main. Either this translation has been removed or the id in the code or template referring to the translation is wrong.
22-09-20 13:44:44 74616      DEBUG                          No trans-unit element with the id "forms.elements.gd.text" was found in Neos.Form:Main. Either this translation has been removed or the id in the code or template referring to the translation is wrong.
22-09-20 13:44:44 74616      DEBUG                          No trans-unit element with the id "forms.elements.gmagick.text" was found in Neos.Form:Main. Either this translation has been removed or the id in the code or template referring to the translation is wrong.
22-09-20 13:44:44 74616      DEBUG                          No trans-unit element with the id "forms.elements.imagick.text" was found in Neos.Form:Main. Either this translation has been removed or the id in the code or template referring to the translation is wrong.
22-09-20 13:44:44 74616      DEBUG                          No trans-unit element with the id "forms.elements.configuredImageLibrary.text" was found in Neos.Form:Main. Either this translation has been removed or the id in the code or template referring to the translation is wrong.
22-09-20 13:45:13 74616      DEBUG                          No trans-unit element with the id "forms.elements.introduction.text" was found in Neos.Form:Main. Either this translation has been removed or the id in the code or template referring to the translation is wrong.
22-09-20 13:45:13 74616      DEBUG                          No trans-unit element with the id "forms.sections.connectionSection.label" was found in Neos.Form:Main. Either this translation has been removed or the id in the code or template referring to the translation is wrong.
22-09-20 13:45:13 74616      DEBUG                          No trans-unit element with the id "forms.elements.user.placeholder" was found in Neos.Form:Main. Either this translation has been removed or the id in the code or template referring to the translation is wrong.
22-09-20 13:45:13 74616      DEBUG                          No trans-unit element with the id "forms.elements.host.placeholder" was found in Neos.Form:Main. Either this translation has been removed or the id in the code or template referring to the translation is wrong.
22-09-20 13:45:13 74616      DEBUG                          No trans-unit element with the id "forms.sections.databaseSection.label" was found in Neos.Form:Main. Either this translation has been removed or the id in the code or template referring to the translation is wrong.
22-09-20 13:48:32 32968      DEBUG                          No trans-unit element with the id "forms.elements.introduction.text" was found in Neos.Form:Main. Either this translation has been removed or the id in the code or template referring to the translation is wrong.
22-09-20 13:48:32 32968      DEBUG                          No trans-unit element with the id "forms.sections.personalSection.label" was found in Neos.Form:Main. Either this translation has been removed or the id in the code or template referring to the translation is wrong.
22-09-20 13:48:32 32968      DEBUG                          No trans-unit element with the id "forms.elements.firstName.placeholder" was found in Neos.Form:Main. Either this translation has been removed or the id in the code or template referring to the translation is wrong.
22-09-20 13:48:32 32968      DEBUG                          No trans-unit element with the id "forms.elements.lastName.placeholder" was found in Neos.Form:Main. Either this translation has been removed or the id in the code or template referring to the translation is wrong.
22-09-20 13:48:32 32968      DEBUG                          No trans-unit element with the id "forms.sections.credentialsSection.label" was found in Neos.Form:Main. Either this translation has been removed or the id in the code or template referring to the translation is wrong.
22-09-20 13:48:32 32968      DEBUG                          No trans-unit element with the id "forms.elements.username.placeholder" was found in Neos.Form:Main. Either this translation has been removed or the id in the code or template referring to the translation is wrong.
22-09-20 13:49:19 33741      DEBUG                          No trans-unit element with the id "forms.elements.introduction.text" was found in Neos.Form:Main. Either this translation has been removed or the id in the code or template referring to the translation is wrong.
22-09-20 13:49:19 33741      DEBUG                          No trans-unit element with the id "forms.sections.import.label" was found in Neos.Form:Main. Either this translation has been removed or the id in the code or template referring to the translation is wrong.
22-09-20 13:49:19 33741      DEBUG                          No trans-unit element with the id "forms.sections.newPackageSection.label" was found in Neos.Form:Main. Either this translation has been removed or the id in the code or template referring to the translation is wrong.
22-09-20 13:49:19 33741      DEBUG                          No trans-unit element with the id "forms.elements.packageKey.placeholder" was found in Neos.Form:Main. Either this translation has been removed or the id in the code or template referring to the translation is wrong.
22-09-20 13:49:19 33741      DEBUG                          No trans-unit element with the id "forms.elements.siteName.placeholder" was found in Neos.Form:Main. Either this translation has been removed or the id in the code or template referring to the translation is wrong.
22-09-20 13:49:19 33741      DEBUG                          No trans-unit element with the id "forms.elements.sitePackageExplanation.text" was found in Neos.Form:Main. Either this translation has been removed or the id in the code or template referring to the translation is wrong.
22-09-20 13:49:19 33741      DEBUG                          No trans-unit element with the id "forms.elements.sitePackageAlreadyAvailableExplanation.text" was found in Neos.Form:Main. Either this translation has been removed or the id in the code or template referring to the translation is wrong.
22-09-20 13:51:47 33744      DEBUG                          No trans-unit element with the id "forms.sections.congratulationsSection.label" was found in Neos.Form:Main. Either this translation has been removed or the id in the code or template referring to the translation is wrong.
22-09-20 13:51:47 33744      DEBUG                          No trans-unit element with the id "forms.elements.success.text" was found in Neos.Form:Main. Either this translation has been removed or the id in the code or template referring to the translation is wrong.
22-09-20 13:51:47 33744      DEBUG                          No trans-unit element with the id "forms.sections.contextSection.label" was found in Neos.Form:Main. Either this translation has been removed or the id in the code or template referring to the translation is wrong.
22-09-20 13:51:47 33744      DEBUG                          No trans-unit element with the id "forms.elements.contextInfo.text" was found in Neos.Form:Main. Either this translation has been removed or the id in the code or template referring to the translation is wrong.
22-09-20 13:51:47 33744      DEBUG                          No trans-unit element with the id "forms.sections.frontendSection.label" was found in Neos.Form:Main. Either this translation has been removed or the id in the code or template referring to the translation is wrong.
22-09-20 13:51:47 33744      DEBUG                          No trans-unit element with the id "forms.sections.backendSection.label" was found in Neos.Form:Main. Either this translation has been removed or the id in the code or template referring to the translation is wrong.
22-09-20 13:51:47 33744      DEBUG                          No trans-unit element with the id "forms.elements.loggedOut.text" was found in Neos.Form:Main. Either this translation has been removed or the id in the code or template referring to the translation is wrong.
22-09-20 13:52:09 74616      DEBUG                          No trans-unit element with the id "login.index.title" was found in :Main. Either this translation has been removed or the id in the code or template referring to the translation is wrong.
22-09-20 13:52:09 74616      DEBUG                          No trans-unit elements were found in ":Main". This is allowed per specification, but no translation can be applied then.
22-09-20 13:52:09 74616      DEBUG                          No trans-unit element with the id "login" was found in Neos.Neos:Main. Either this translation has been removed or the id in the code or template referring to the translation is wrong.
22-09-20 14:08:15 33741      DEBUG                          No trans-unit element with the id "numberValidationErrors" was found in Neos.Neos:ValidationErrors. Either this translation has been removed or the id in the code or template referring to the translation is wrong.
22-09-20 14:08:15 33741      DEBUG                          No trans-unit element with the id "1328557141" was found in Neos.Flow:ValidationErrors. Either this translation has been removed or the id in the code or template referring to the translation is wrong.
22-09-20 14:42:21 74620      DEBUG                          No trans-unit element with the id "ui.label" was found in Neos.Demo:NodeTypes/Content/Columns/TwoCenter. Either this translation has been removed or the id in the code or template referring to the translation is wrong.
22-09-20 14:42:21 74620      DEBUG                          No trans-unit elements were found in "Neos.Demo:NodeTypes/Content/Columns/TwoCenter". This is allowed per specification, but no translation can be applied then.
22-09-20 14:45:01 74613      DEBUG                          No trans-unit element with the id "ui.label" was found in Neos.Demo:NodeTypes/Content/Columns/TwoCenter. Either this translation has been removed or the id in the code or template referring to the translation is wrong.
22-09-20 14:45:01 74613      DEBUG                          No trans-unit elements were found in "Neos.Demo:NodeTypes/Content/Columns/TwoCenter". This is allowed per specification, but no translation can be applied then.
22-09-21 07:17:40 1590       DEBUG                          No trans-unit element with the id "login.index.title" was found in :Main. Either this translation has been removed or the id in the code or template referring to the translation is wrong.
22-09-21 07:17:40 1590       DEBUG                          No trans-unit elements were found in ":Main". This is allowed per specification, but no translation can be applied then.
22-09-21 07:17:40 1590       DEBUG                          No trans-unit element with the id "login" was found in Neos.Neos:Main. Either this translation has been removed or the id in the code or template referring to the translation is wrong.
22-09-21 11:37:58 8277       DEBUG                          No trans-unit elements were found in "Herobanner:Main". This is allowed per specification, but no translation can be applied then.
22-09-21 11:37:58 8277       DEBUG                          No trans-unit elements were found in "Herobanner:Main". This is allowed per specification, but no translation can be applied then.
22-09-21 11:37:58 8277       DEBUG                          No trans-unit elements were found in "title:Main". This is allowed per specification, but no translation can be applied then.
22-09-21 11:37:58 8277       DEBUG                          No trans-unit elements were found in "title:Main". This is allowed per specification, but no translation can be applied then.
22-09-21 11:37:58 8277       DEBUG                          No trans-unit elements were found in "Two column content centered:Main". This is allowed per specification, but no translation can be applied then.
22-09-21 11:37:58 8277       DEBUG                          No trans-unit elements were found in "Two column content centered:Main". This is allowed per specification, but no translation can be applied then.
22-09-21 11:37:58 8277       DEBUG                          No trans-unit elements were found in "title:Main". This is allowed per specification, but no translation can be applied then.
22-09-21 11:37:58 8277       DEBUG                          No trans-unit elements were found in "title:Main". This is allowed per specification, but no translation can be applied then.
22-09-21 11:37:58 8277       DEBUG                          No trans-unit elements were found in "text:Main". This is allowed per specification, but no translation can be applied then.
22-09-21 11:37:58 8277       DEBUG                          No trans-unit elements were found in "text:Main". This is allowed per specification, but no translation can be applied then.
22-09-21 11:37:58 8277       DEBUG                          No trans-unit elements were found in "Image rounded top left + bottom right:Main". This is allowed per specification, but no translation can be applied then.
22-09-21 11:37:58 8277       DEBUG                          No trans-unit elements were found in "Image rounded top left + bottom right:Main". This is allowed per specification, but no translation can be applied then.
22-09-21 11:37:58 8277       DEBUG                          No trans-unit elements were found in "caption:Main". This is allowed per specification, but no translation can be applied then.
22-09-21 11:37:58 8277       DEBUG                          No trans-unit elements were found in "caption:Main". This is allowed per specification, but no translation can be applied then.
22-09-21 11:37:58 8277       DEBUG                          No trans-unit elements were found in "title:Main". This is allowed per specification, but no translation can be applied then.
22-09-21 11:37:58 8277       DEBUG                          No trans-unit elements were found in "title:Main". This is allowed per specification, but no translation can be applied then.
22-09-21 11:38:21 5925       DEBUG                          No trans-unit elements were found in "Herobanner:Main". This is allowed per specification, but no translation can be applied then.
22-09-21 11:38:21 5925       DEBUG                          No trans-unit elements were found in "Herobanner:Main". This is allowed per specification, but no translation can be applied then.
22-09-21 11:38:21 5925       DEBUG                          No trans-unit elements were found in "title:Main". This is allowed per specification, but no translation can be applied then.
22-09-21 11:38:21 5925       DEBUG                          No trans-unit elements were found in "title:Main". This is allowed per specification, but no translation can be applied then.
22-09-21 11:38:21 5925       DEBUG                          No trans-unit elements were found in "Two column content centered:Main". This is allowed per specification, but no translation can be applied then.
22-09-21 11:38:21 5925       DEBUG                          No trans-unit elements were found in "Two column content centered:Main". This is allowed per specification, but no translation can be applied then.
22-09-21 11:38:21 5925       DEBUG                          No trans-unit elements were found in "title:Main". This is allowed per specification, but no translation can be applied then.
22-09-21 11:38:21 5925       DEBUG                          No trans-unit elements were found in "title:Main". This is allowed per specification, but no translation can be applied then.
22-09-21 11:38:21 5925       DEBUG                          No trans-unit elements were found in "text:Main". This is allowed per specification, but no translation can be applied then.
22-09-21 11:38:21 5925       DEBUG                          No trans-unit elements were found in "text:Main". This is allowed per specification, but no translation can be applied then.
22-09-21 11:38:21 5925       DEBUG                          No trans-unit elements were found in "Image rounded top left + bottom right:Main". This is allowed per specification, but no translation can be applied then.
22-09-21 11:38:21 5925       DEBUG                          No trans-unit elements were found in "Image rounded top left + bottom right:Main". This is allowed per specification, but no translation can be applied then.
22-09-21 11:38:21 5925       DEBUG                          No trans-unit elements were found in "caption:Main". This is allowed per specification, but no translation can be applied then.
22-09-21 11:38:21 5925       DEBUG                          No trans-unit elements were found in "caption:Main". This is allowed per specification, but no translation can be applied then.
22-09-21 11:38:21 5925       DEBUG                          No trans-unit elements were found in "title:Main". This is allowed per specification, but no translation can be applied then.
22-09-21 11:38:21 5925       DEBUG                          No trans-unit elements were found in "title:Main". This is allowed per specification, but no translation can be applied then.
22-09-21 11:38:21 5925       DEBUG                          No trans-unit elements were found in "title:Main". This is allowed per specification, but no translation can be applied then.
22-09-21 11:38:21 5925       DEBUG                          No trans-unit elements were found in "title:Main". This is allowed per specification, but no translation can be applied then.
22-09-22 07:20:37 2066       DEBUG                          No trans-unit element with the id "login.index.title" was found in :Main. Either this translation has been removed or the id in the code or template referring to the translation is wrong.
22-09-22 07:20:37 2066       DEBUG                          No trans-unit elements were found in ":Main". This is allowed per specification, but no translation can be applied then.
22-09-22 07:20:37 2066       DEBUG                          No trans-unit element with the id "login" was found in Neos.Neos:Main. Either this translation has been removed or the id in the code or template referring to the translation is wrong.
